<?xml version="1.0" encoding="UTF-8"?>
<!-- Generated by org.testng.reporters.JUnitXMLReporter -->
<testsuite hostname="DESKTOP-DEEUVU1" ignored="1" name="Default test" tests="3" failures="0" timestamp="15 Jan 2020 17:51:22 GMT" time="171.31" errors="0">
  <testcase name="createnewcontact" time="4.492" classname="com.qa.test.ContacatTest"/>
  <testcase name="createnewcontact" time="3.811" classname="com.qa.test.ContacatTest"/>
  <testcase name="createnewcontact" time="4.274" classname="com.qa.test.ContacatTest"/>
  <testcase name="checklist" time="0.0" classname="com.qa.test.ContacatTest">
    <ignored/>
  </testcase> <!-- checklist -->
</testsuite> <!-- Default test -->
